Determining if the pthread_create exist failed with the following output:
Change Dir: /home/pablo/Escritorio/workspace/taller/serverapp/doxygen/CMakeFiles/CMakeTmp

Run Build Command:"/usr/bin/make" "cmTC_cd8ba/fast"
/usr/bin/make -f CMakeFiles/cmTC_cd8ba.dir/build.make CMakeFiles/cmTC_cd8ba.dir/build
make[1]: Entering directory '/home/pablo/Escritorio/workspace/taller/serverapp/doxygen/CMakeFiles/CMakeTmp'
Building C object CMakeFiles/cmTC_cd8ba.dir/CheckSymbolExists.c.o
/usr/bin/cc     -o CMakeFiles/cmTC_cd8ba.dir/CheckSymbolExists.c.o   -c /home/pablo/Escritorio/workspace/taller/serverapp/doxygen/CMakeFiles/CMakeTmp/CheckSymbolExists.c
Linking C executable cmTC_cd8ba
/usr/local/bin/cmake -E cmake_link_script CMakeFiles/cmTC_cd8ba.dir/link.txt --verbose=1
/usr/bin/cc       CMakeFiles/cmTC_cd8ba.dir/CheckSymbolExists.c.o  -o cmTC_cd8ba -rdynamic 
CMakeFiles/cmTC_cd8ba.dir/CheckSymbolExists.c.o: En la función `main':
CheckSymbolExists.c:(.text+0x16): referencia a `pthread_create' sin definir
collect2: error: ld returned 1 exit status
CMakeFiles/cmTC_cd8ba.dir/build.make:97: recipe for target 'cmTC_cd8ba' failed
make[1]: *** [cmTC_cd8ba] Error 1
make[1]: Leaving directory '/home/pablo/Escritorio/workspace/taller/serverapp/doxygen/CMakeFiles/CMakeTmp'
Makefile:126: recipe for target 'cmTC_cd8ba/fast' failed
make: *** [cmTC_cd8ba/fast] Error 2

File /home/pablo/Escritorio/workspace/taller/serverapp/doxygen/CMakeFiles/CMakeTmp/CheckSymbolExists.c:
/* */
#include <pthread.h>

int main(int argc, char** argv)
{
  (void)argv;
#ifndef pthread_create
  return ((int*)(&pthread_create))[argc];
#else
  (void)argc;
  return 0;
#endif
}

Determining if the function pthread_create exists in the pthreads failed with the following output:
Change Dir: /home/pablo/Escritorio/workspace/taller/serverapp/doxygen/CMakeFiles/CMakeTmp

Run Build Command:"/usr/bin/make" "cmTC_1f26a/fast"
/usr/bin/make -f CMakeFiles/cmTC_1f26a.dir/build.make CMakeFiles/cmTC_1f26a.dir/build
make[1]: Entering directory '/home/pablo/Escritorio/workspace/taller/serverapp/doxygen/CMakeFiles/CMakeTmp'
Building C object CMakeFiles/cmTC_1f26a.dir/CheckFunctionExists.c.o
/usr/bin/cc    -DCHECK_FUNCTION_EXISTS=pthread_create   -o CMakeFiles/cmTC_1f26a.dir/CheckFunctionExists.c.o   -c /usr/local/share/cmake-3.5/Modules/CheckFunctionExists.c
Linking C executable cmTC_1f26a
/usr/local/bin/cmake -E cmake_link_script CMakeFiles/cmTC_1f26a.dir/link.txt --verbose=1
/usr/bin/cc   -DCHECK_FUNCTION_EXISTS=pthread_create    CMakeFiles/cmTC_1f26a.dir/CheckFunctionExists.c.o  -o cmTC_1f26a -rdynamic -lpthreads 
/usr/bin/ld: no se puede encontrar -lpthreads
collect2: error: ld returned 1 exit status
CMakeFiles/cmTC_1f26a.dir/build.make:97: recipe for target 'cmTC_1f26a' failed
make[1]: *** [cmTC_1f26a] Error 1
make[1]: Leaving directory '/home/pablo/Escritorio/workspace/taller/serverapp/doxygen/CMakeFiles/CMakeTmp'
Makefile:126: recipe for target 'cmTC_1f26a/fast' failed
make: *** [cmTC_1f26a/fast] Error 2


Performing C++ SOURCE FILE Test ICONV_ACCEPTS_CONST_INPUT failed with the following output:
Change Dir: /home/pablo/Escritorio/workspace/taller/serverapp/doxygen/CMakeFiles/CMakeTmp

Run Build Command:"/usr/bin/make" "cmTC_1a950/fast"
/usr/bin/make -f CMakeFiles/cmTC_1a950.dir/build.make CMakeFiles/cmTC_1a950.dir/build
make[1]: Entering directory '/home/pablo/Escritorio/workspace/taller/serverapp/doxygen/CMakeFiles/CMakeTmp'
Building CXX object CMakeFiles/cmTC_1a950.dir/src.cxx.o
/usr/bin/c++     -DICONV_ACCEPTS_CONST_INPUT   -o CMakeFiles/cmTC_1a950.dir/src.cxx.o -c /home/pablo/Escritorio/workspace/taller/serverapp/doxygen/CMakeFiles/CMakeTmp/src.cxx
/home/pablo/Escritorio/workspace/taller/serverapp/doxygen/CMakeFiles/CMakeTmp/src.cxx: In function ‘int main()’:
/home/pablo/Escritorio/workspace/taller/serverapp/doxygen/CMakeFiles/CMakeTmp/src.cxx:4:43: error: invalid conversion from ‘const char**’ to ‘char**’ [-fpermissive]
             iconv(iconv_t(-1), &p, 0, 0, 0);
                                           ^
In file included from /home/pablo/Escritorio/workspace/taller/serverapp/doxygen/CMakeFiles/CMakeTmp/src.cxx:1:0:
/usr/include/iconv.h:42:15: note:   initializing argument 2 of ‘size_t iconv(iconv_t, char**, size_t*, char**, size_t*)’
 extern size_t iconv (iconv_t __cd, char **__restrict __inbuf,
               ^
CMakeFiles/cmTC_1a950.dir/build.make:65: recipe for target 'CMakeFiles/cmTC_1a950.dir/src.cxx.o' failed
make[1]: *** [CMakeFiles/cmTC_1a950.dir/src.cxx.o] Error 1
make[1]: Leaving directory '/home/pablo/Escritorio/workspace/taller/serverapp/doxygen/CMakeFiles/CMakeTmp'
Makefile:126: recipe for target 'cmTC_1a950/fast' failed
make: *** [cmTC_1a950/fast] Error 2

Source file was:
#include <iconv.h>
         int main() {
            char const *p = 0;
            iconv(iconv_t(-1), &p, 0, 0, 0);
         }
Determining if the pthread_create exist failed with the following output:
Change Dir: /home/agustin/git/serverapp/doxygen/CMakeFiles/CMakeTmp

Run Build Command:"/usr/bin/make" "cmTC_c6559/fast"
/usr/bin/make -f CMakeFiles/cmTC_c6559.dir/build.make CMakeFiles/cmTC_c6559.dir/build
make[1]: Entering directory '/home/agustin/git/serverapp/doxygen/CMakeFiles/CMakeTmp'
Building C object CMakeFiles/cmTC_c6559.dir/CheckSymbolExists.c.o
/usr/bin/cc     -o CMakeFiles/cmTC_c6559.dir/CheckSymbolExists.c.o   -c /home/agustin/git/serverapp/doxygen/CMakeFiles/CMakeTmp/CheckSymbolExists.c
Linking C executable cmTC_c6559
/usr/local/bin/cmake -E cmake_link_script CMakeFiles/cmTC_c6559.dir/link.txt --verbose=1
/usr/bin/cc       CMakeFiles/cmTC_c6559.dir/CheckSymbolExists.c.o  -o cmTC_c6559 -rdynamic 
CMakeFiles/cmTC_c6559.dir/CheckSymbolExists.c.o: In function `main':
CheckSymbolExists.c:(.text+0x16): undefined reference to `pthread_create'
collect2: error: ld returned 1 exit status
CMakeFiles/cmTC_c6559.dir/build.make:97: recipe for target 'cmTC_c6559' failed
make[1]: *** [cmTC_c6559] Error 1
make[1]: Leaving directory '/home/agustin/git/serverapp/doxygen/CMakeFiles/CMakeTmp'
Makefile:126: recipe for target 'cmTC_c6559/fast' failed
make: *** [cmTC_c6559/fast] Error 2

File /home/agustin/git/serverapp/doxygen/CMakeFiles/CMakeTmp/CheckSymbolExists.c:
/* */
#include <pthread.h>

int main(int argc, char** argv)
{
  (void)argv;
#ifndef pthread_create
  return ((int*)(&pthread_create))[argc];
#else
  (void)argc;
  return 0;
#endif
}

Determining if the function pthread_create exists in the pthreads failed with the following output:
Change Dir: /home/agustin/git/serverapp/doxygen/CMakeFiles/CMakeTmp

Run Build Command:"/usr/bin/make" "cmTC_68bc0/fast"
/usr/bin/make -f CMakeFiles/cmTC_68bc0.dir/build.make CMakeFiles/cmTC_68bc0.dir/build
make[1]: Entering directory '/home/agustin/git/serverapp/doxygen/CMakeFiles/CMakeTmp'
Building C object CMakeFiles/cmTC_68bc0.dir/CheckFunctionExists.c.o
/usr/bin/cc    -DCHECK_FUNCTION_EXISTS=pthread_create   -o CMakeFiles/cmTC_68bc0.dir/CheckFunctionExists.c.o   -c /usr/local/share/cmake-3.5/Modules/CheckFunctionExists.c
Linking C executable cmTC_68bc0
/usr/local/bin/cmake -E cmake_link_script CMakeFiles/cmTC_68bc0.dir/link.txt --verbose=1
/usr/bin/cc   -DCHECK_FUNCTION_EXISTS=pthread_create    CMakeFiles/cmTC_68bc0.dir/CheckFunctionExists.c.o  -o cmTC_68bc0 -rdynamic -lpthreads 
/usr/bin/ld: cannot find -lpthreads
collect2: error: ld returned 1 exit status
CMakeFiles/cmTC_68bc0.dir/build.make:97: recipe for target 'cmTC_68bc0' failed
make[1]: *** [cmTC_68bc0] Error 1
make[1]: Leaving directory '/home/agustin/git/serverapp/doxygen/CMakeFiles/CMakeTmp'
Makefile:126: recipe for target 'cmTC_68bc0/fast' failed
make: *** [cmTC_68bc0/fast] Error 2


Performing C++ SOURCE FILE Test ICONV_ACCEPTS_CONST_INPUT failed with the following output:
Change Dir: /home/agustin/git/serverapp/doxygen/CMakeFiles/CMakeTmp

Run Build Command:"/usr/bin/make" "cmTC_9e54e/fast"
/usr/bin/make -f CMakeFiles/cmTC_9e54e.dir/build.make CMakeFiles/cmTC_9e54e.dir/build
make[1]: Entering directory '/home/agustin/git/serverapp/doxygen/CMakeFiles/CMakeTmp'
Building CXX object CMakeFiles/cmTC_9e54e.dir/src.cxx.o
/usr/bin/c++     -DICONV_ACCEPTS_CONST_INPUT   -o CMakeFiles/cmTC_9e54e.dir/src.cxx.o -c /home/agustin/git/serverapp/doxygen/CMakeFiles/CMakeTmp/src.cxx
/home/agustin/git/serverapp/doxygen/CMakeFiles/CMakeTmp/src.cxx: In function ‘int main()’:
/home/agustin/git/serverapp/doxygen/CMakeFiles/CMakeTmp/src.cxx:4:43: error: invalid conversion from ‘const char**’ to ‘char**’ [-fpermissive]
             iconv(iconv_t(-1), &p, 0, 0, 0);
                                           ^
In file included from /home/agustin/git/serverapp/doxygen/CMakeFiles/CMakeTmp/src.cxx:1:0:
/usr/include/iconv.h:42:15: note:   initializing argument 2 of ‘size_t iconv(iconv_t, char**, size_t*, char**, size_t*)’
 extern size_t iconv (iconv_t __cd, char **__restrict __inbuf,
               ^
CMakeFiles/cmTC_9e54e.dir/build.make:65: recipe for target 'CMakeFiles/cmTC_9e54e.dir/src.cxx.o' failed
make[1]: *** [CMakeFiles/cmTC_9e54e.dir/src.cxx.o] Error 1
make[1]: Leaving directory '/home/agustin/git/serverapp/doxygen/CMakeFiles/CMakeTmp'
Makefile:126: recipe for target 'cmTC_9e54e/fast' failed
make: *** [cmTC_9e54e/fast] Error 2

Source file was:
#include <iconv.h>
         int main() {
            char const *p = 0;
            iconv(iconv_t(-1), &p, 0, 0, 0);
         }
